--------------------------------------------------------------------------------
Release 14.7 Trace  (nt64)
Copyright (c) 1995-2013 Xilinx, Inc.  All rights reserved.

C:\Xilinx\14.7\ISE_DS\ISE\bin\nt64\unwrapped\trce.exe -intstyle ise -v 3 -s 2
-n 3 -fastpaths -xml counter_int.twx counter_int.ncd -o counter_int.twr
counter_int.pcf

Design file:              counter_int.ncd
Physical constraint file: counter_int.pcf
Device,package,speed:     xc6slx4,tqg144,C,-2 (PRODUCTION 1.23 2013-10-13)
Report level:             verbose report

Environment Variable      Effect 
--------------------      ------ 
NONE                      No environment variables were set
--------------------------------------------------------------------------------

INFO:Timing:2698 - No timing constraints found, doing default enumeration.
INFO:Timing:3412 - To improve timing, see the Timing Closure User Guide (UG612).
INFO:Timing:2752 - To get complete path coverage, use the unconstrained paths 
   option. All paths that are not constrained will be reported in the 
   unconstrained paths section(s) of the report.
INFO:Timing:3339 - The clock-to-out numbers in this timing report are based on 
   a 50 Ohm transmission line loading model.  For the details of this model, 
   and for more information on accounting for different loading conditions, 
   please see the device datasheet.



Data Sheet report:
-----------------
All values displayed in nanoseconds (ns)

Clock clk to Pad
------------+-----------------+------------+-----------------+------------+------------------+--------+
            |Max (slowest) clk|  Process   |Min (fastest) clk|  Process   |                  | Clock  |
Destination |  (edge) to PAD  |   Corner   |  (edge) to PAD  |   Corner   |Internal Clock(s) | Phase  |
------------+-----------------+------------+-----------------+------------+------------------+--------+
count<0>    |         9.421(R)|      SLOW  |         3.946(R)|      FAST  |clk_BUFGP         |   0.000|
count<1>    |         9.432(R)|      SLOW  |         3.964(R)|      FAST  |clk_BUFGP         |   0.000|
count<2>    |         8.837(R)|      SLOW  |         3.616(R)|      FAST  |clk_BUFGP         |   0.000|
count<3>    |         8.837(R)|      SLOW  |         3.616(R)|      FAST  |clk_BUFGP         |   0.000|
count<4>    |         9.091(R)|      SLOW  |         3.794(R)|      FAST  |clk_BUFGP         |   0.000|
count<5>    |         9.493(R)|      SLOW  |         4.127(R)|      FAST  |clk_BUFGP         |   0.000|
count<6>    |         9.017(R)|      SLOW  |         3.759(R)|      FAST  |clk_BUFGP         |   0.000|
count<7>    |         9.315(R)|      SLOW  |         3.932(R)|      FAST  |clk_BUFGP         |   0.000|
------------+-----------------+------------+-----------------+------------+------------------+--------+

Clock to Setup on destination clock clk
---------------+---------+---------+---------+---------+
               | Src:Rise| Src:Fall| Src:Rise| Src:Fall|
Source Clock   |Dest:Rise|Dest:Rise|Dest:Fall|Dest:Fall|
---------------+---------+---------+---------+---------+
clk            |    1.823|         |         |         |
---------------+---------+---------+---------+---------+


Analysis completed Wed Mar 26 05:56:15 2025 
--------------------------------------------------------------------------------

Trace Settings:
-------------------------
Trace Settings 

Peak Memory Usage: 4553 MB



