Running: C:\Xilinx\14.7\ISE_DS\ISE\bin\nt64\unwrapped\fuse.exe -intstyle ise -incremental -lib secureip -o E:/new code of 2025/FPGA/.MY CODE/JK_FlipFlop/JKFF_TB_isim_beh.exe -prj E:/new code of 2025/FPGA/.MY CODE/JK_FlipFlop/JKFF_TB_beh.prj work.JKFF_TB 
ISim P.20131013 (signature 0x7708f090)
Number of CPUs detected in this system: 4
Turning on mult-threading, number of parallel sub-compilation jobs: 8 
Determining compilation order of HDL files
Parsing VHDL file "E:/new code of 2025/FPGA/.MY CODE/JK_FlipFlop/JKFF.vhd" into library work
Parsing VHDL file "E:/new code of 2025/FPGA/.MY CODE/JK_FlipFlop/JKFF_TB.vhd" into library work
Starting static elaboration
Completed static elaboration
Compiling package standard
Compiling package std_logic_1164
Compiling package textio
Compiling package std_logic_textio
Compiling architecture behavioral of entity JKFF [jkff_default]
Compiling architecture testbench of entity jkff_tb
Time Resolution for simulation is 1ps.
Waiting for 1 sub-compilation(s) to finish...
Compiled 7 VHDL Units
Built simulation executable E:/new code of 2025/FPGA/.MY CODE/JK_FlipFlop/JKFF_TB_isim_beh.exe
Fuse Memory Usage: 30476 KB
Fuse CPU Usage: 671 ms
