Running: C:\Xilinx\14.7\ISE_DS\ISE\bin\nt64\unwrapped\fuse.exe -intstyle ise -incremental -lib secureip -o E:/new code of 2025/FPGA/.MY CODE/DFF_Reset/DFF_Reset_TB_isim_beh.exe -prj E:/new code of 2025/FPGA/.MY CODE/DFF_Reset/DFF_Reset_TB_beh.prj work.DFF_Reset_TB 
ISim P.20131013 (signature 0x7708f090)
Number of CPUs detected in this system: 4
Turning on mult-threading, number of parallel sub-compilation jobs: 8 
Determining compilation order of HDL files
Parsing VHDL file "E:/new code of 2025/FPGA/.MY CODE/DFF_Reset/DFF_Reset.vhd" into library work
Parsing VHDL file "E:/new code of 2025/FPGA/.MY CODE/DFF_Reset/DFF_Reset_TB.vhd" into library work
Starting static elaboration
Completed static elaboration
Compiling package standard
Compiling package std_logic_1164
Compiling package textio
Compiling package std_logic_textio
Compiling architecture behavioral of entity DFF_Reset [dff_reset_default]
Compiling architecture testbench of entity dff_reset_tb
Time Resolution for simulation is 1ps.
Waiting for 1 sub-compilation(s) to finish...
Compiled 7 VHDL Units
Built simulation executable E:/new code of 2025/FPGA/.MY CODE/DFF_Reset/DFF_Reset_TB_isim_beh.exe
Fuse Memory Usage: 29784 KB
Fuse CPU Usage: 640 ms
